<?xml version="1.0" encoding="UTF-8"?>
<coverage generated="1620175296977" clover="3.2.0">
  <project timestamp="1620175296978" name="All files">
    <metrics statements="2" coveredstatements="2" conditionals="0" coveredconditionals="0" methods="2" coveredmethods="2" elements="4" coveredelements="4" complexity="0" loc="2" ncloc="2" packages="1" files="1" classes="1"/>
    <file name="math.js" path="/Users/nowports/hackami/DevF/master_G3/master-en-code-g3/05_kata_frontend/base_test/src/math.js">
      <metrics statements="2" coveredstatements="2" conditionals="0" coveredconditionals="0" methods="2" coveredmethods="2"/>
      <line num="1" count="1" type="stmt"/>
      <line num="3" count="1" type="stmt"/>
    </file>
  </project>
</coverage>
