{"/Users/nowports/hackami/DevF/master_G3/master-en-code-g3/05_kata_frontend/base_test/src/math.js": {"path":"/Users/nowports/hackami/DevF/master_G3/master-en-code-g3/05_kata_frontend/base_test/src/math.js","statementMap":{"0":{"start":{"line":1,"column":20},"end":{"line":1,"column":35}},"1":{"start":{"line":1,"column":30},"end":{"line":1,"column":35}},"2":{"start":{"line":3,"column":21},"end":{"line":3,"column":37}},"3":{"start":{"line":3,"column":32},"end":{"line":3,"column":37}}},"fnMap":{"0":{"name":"(anonymous_0)","decl":{"start":{"line":1,"column":20},"end":{"line":1,"column":21}},"loc":{"start":{"line":1,"column":30},"end":{"line":1,"column":35}},"line":1},"1":{"name":"(anonymous_1)","decl":{"start":{"line":3,"column":21},"end":{"line":3,"column":22}},"loc":{"start":{"line":3,"column":32},"end":{"line":3,"column":37}},"line":3}},"branchMap":{},"s":{"0":1,"1":1,"2":1,"3":1},"f":{"0":1,"1":1},"b":{},"_coverageSchema":"1a1c01bbd47fc00a2c39e90264f33305004495a9","hash":"d75bea5cba5730f13d25b36e51c24683eb389f2a"}
}
